<?xml version="1.0" encoding="UTF-8"?>
<testng-results ignored="0" total="2" passed="2" failed="0" skipped="0">
  <reporter-output>
  </reporter-output>
  <suite started-at="2023-04-10T07:48:49 IST" name="Suite" finished-at="2023-04-10T07:49:02 IST" duration-ms="12812">
    <groups>
    </groups>
    <test started-at="2023-04-10T07:48:49 IST" name="Test" finished-at="2023-04-10T07:49:02 IST" duration-ms="12812">
      <class name="com.Luma.TestCases.RegisterPageTestCases">
        <test-method is-config="true" signature="launchApplication()[pri:0, instance:com.Luma.TestCases.RegisterPageTestCases@4da4253]" started-at="2023-04-10T07:48:44 IST" name="launchApplication" finished-at="2023-04-10T07:48:49 IST" duration-ms="4780" status="PASS">
          <reporter-output>
          </reporter-output>
        </test-method> <!-- launchApplication -->
        <test-method signature="navigate_To_Register()[pri:1, instance:com.Luma.TestCases.RegisterPageTestCases@4da4253]" started-at="2023-04-10T07:48:49 IST" name="navigate_To_Register" finished-at="2023-04-10T07:48:51 IST" duration-ms="1628" status="PASS">
          <reporter-output>
          </reporter-output>
        </test-method> <!-- navigate_To_Register -->
        <test-method signature="register_Filling()[pri:2, instance:com.Luma.TestCases.RegisterPageTestCases@4da4253]" started-at="2023-04-10T07:48:51 IST" name="register_Filling" finished-at="2023-04-10T07:49:02 IST" duration-ms="10695" status="PASS">
          <reporter-output>
          </reporter-output>
        </test-method> <!-- register_Filling -->
        <test-method is-config="true" signature="closeApplication()[pri:0, instance:com.Luma.TestCases.RegisterPageTestCases@4da4253]" started-at="2023-04-10T07:49:03 IST" name="closeApplication" finished-at="2023-04-10T07:49:04 IST" duration-ms="811" status="PASS">
          <reporter-output>
          </reporter-output>
        </test-method> <!-- closeApplication -->
      </class> <!-- com.Luma.TestCases.RegisterPageTestCases -->
    </test> <!-- Test -->
  </suite> <!-- Suite -->
</testng-results>
