<?xml version="1.0" encoding="UTF-8"?>
<testng-results ignored="0" total="2" passed="2" failed="0" skipped="0">
  <reporter-output>
  </reporter-output>
  <suite started-at="2023-04-10T08:36:26 IST" name="Default suite" finished-at="2023-04-10T08:36:30 IST" duration-ms="3972">
    <groups>
    </groups>
    <test started-at="2023-04-10T08:36:26 IST" name="Default test" finished-at="2023-04-10T08:36:30 IST" duration-ms="3972">
      <class name="com.Luma.TestCases.RegisterPageTestCases">
        <test-method is-config="true" signature="launchApplication()[pri:0, instance:com.Luma.TestCases.RegisterPageTestCases@4d15107f]" started-at="2023-04-10T08:36:20 IST" name="launchApplication" finished-at="2023-04-10T08:36:26 IST" duration-ms="5791" status="PASS">
          <reporter-output>
          </reporter-output>
        </test-method> <!-- launchApplication -->
        <test-method signature="navigate_To_Register()[pri:1, instance:com.Luma.TestCases.RegisterPageTestCases@4d15107f]" started-at="2023-04-10T08:36:26 IST" name="navigate_To_Register" finished-at="2023-04-10T08:36:28 IST" duration-ms="2277" status="PASS">
          <reporter-output>
          </reporter-output>
        </test-method> <!-- navigate_To_Register -->
        <test-method signature="register_Filling()[pri:2, instance:com.Luma.TestCases.RegisterPageTestCases@4d15107f]" started-at="2023-04-10T08:36:28 IST" name="register_Filling" finished-at="2023-04-10T08:36:30 IST" duration-ms="1590" status="PASS">
          <reporter-output>
          </reporter-output>
        </test-method> <!-- register_Filling -->
        <test-method is-config="true" signature="closeApplication()[pri:0, instance:com.Luma.TestCases.RegisterPageTestCases@4d15107f]" started-at="2023-04-10T08:36:30 IST" name="closeApplication" finished-at="2023-04-10T08:36:31 IST" duration-ms="724" status="PASS">
          <reporter-output>
          </reporter-output>
        </test-method> <!-- closeApplication -->
      </class> <!-- com.Luma.TestCases.RegisterPageTestCases -->
    </test> <!-- Default test -->
  </suite> <!-- Default suite -->
</testng-results>
